<?xml version="1.0" encoding="UTF-8"?>
<coverage generated="1599173924321" clover="3.2.0">
  <project timestamp="1599173924321" name="All files">
    <metrics statements="32" coveredstatements="16" conditionals="6" coveredconditionals="2" methods="8" coveredmethods="4" elements="46" coveredelements="22" complexity="0" loc="32" ncloc="32" packages="2" files="3" classes="3"/>
    <package name="hooks">
      <metrics statements="31" coveredstatements="15" conditionals="6" coveredconditionals="2" methods="8" coveredmethods="4"/>
      <file name="auth.tsx" path="/home/henriquer/Repositorios/Rocketseat-GoStack/module_03/07-appgobarber/src/hooks/auth.tsx">
        <metrics statements="29" coveredstatements="13" conditionals="6" coveredconditionals="2" methods="7" coveredmethods="3"/>
        <line num="36" count="1" type="stmt"/>
        <line num="38" count="1" type="stmt"/>
        <line num="39" count="2" type="stmt"/>
        <line num="41" count="2" type="stmt"/>
        <line num="43" count="2" type="stmt"/>
        <line num="45" count="1" type="stmt"/>
        <line num="49" count="1" type="cond" truecount="2" falsecount="2"/>
        <line num="51" count="0" type="stmt"/>
        <line num="53" count="0" type="stmt"/>
        <line num="55" count="1" type="stmt"/>
        <line num="58" count="1" type="stmt"/>
        <line num="61" count="2" type="stmt"/>
        <line num="62" count="0" type="stmt"/>
        <line num="67" count="0" type="stmt"/>
        <line num="73" count="0" type="stmt"/>
        <line num="79" count="0" type="stmt"/>
        <line num="81" count="0" type="stmt"/>
        <line num="85" count="2" type="stmt"/>
        <line num="86" count="0" type="stmt"/>
        <line num="88" count="0" type="stmt"/>
        <line num="91" count="2" type="stmt"/>
        <line num="93" count="0" type="stmt"/>
        <line num="95" count="0" type="stmt"/>
        <line num="96" count="0" type="stmt"/>
        <line num="104" count="2" type="stmt"/>
        <line num="114" count="0" type="stmt"/>
        <line num="116" count="0" type="cond" truecount="0" falsecount="2"/>
        <line num="117" count="0" type="stmt"/>
        <line num="119" count="0" type="stmt"/>
      </file>
      <file name="index.tsx" path="/home/henriquer/Repositorios/Rocketseat-GoStack/module_03/07-appgobarber/src/hooks/index.tsx">
        <metrics statements="2" coveredstatements="2" conditionals="0" coveredconditionals="0" methods="1" coveredmethods="1"/>
        <line num="5" count="1" type="stmt"/>
        <line num="6" count="1" type="stmt"/>
      </file>
    </package>
    <package name="services">
      <metrics statements="1" coveredstatements="1" conditionals="0" coveredconditionals="0" methods="0" coveredmethods="0"/>
      <file name="api.ts" path="/home/henriquer/Repositorios/Rocketseat-GoStack/module_03/07-appgobarber/src/services/api.ts">
        <metrics statements="1" coveredstatements="1" conditionals="0" coveredconditionals="0" methods="0" coveredmethods="0"/>
        <line num="3" count="1" type="stmt"/>
      </file>
    </package>
  </project>
</coverage>
