{"/home/henriquer/Repositorios/Rocketseat-GoStack/module_03/07-appgobarber/src/hooks/auth.tsx": {"path":"/home/henriquer/Repositorios/Rocketseat-GoStack/module_03/07-appgobarber/src/hooks/auth.tsx","statementMap":{"0":{"start":{"line":36,"column":20},"end":{"line":36,"column":73}},"1":{"start":{"line":38,"column":31},"end":{"line":111,"column":1}},"2":{"start":{"line":39,"column":26},"end":{"line":39,"column":62}},"3":{"start":{"line":41,"column":32},"end":{"line":41,"column":46}},"4":{"start":{"line":43,"column":2},"end":{"line":59,"column":9}},"5":{"start":{"line":45,"column":28},"end":{"line":48,"column":8}},"6":{"start":{"line":49,"column":6},"end":{"line":54,"column":7}},"7":{"start":{"line":51,"column":8},"end":{"line":51,"column":66}},"8":{"start":{"line":53,"column":8},"end":{"line":53,"column":64}},"9":{"start":{"line":55,"column":6},"end":{"line":55,"column":24}},"10":{"start":{"line":58,"column":4},"end":{"line":58,"column":22}},"11":{"start":{"line":61,"column":17},"end":{"line":82,"column":8}},"12":{"start":{"line":62,"column":21},"end":{"line":65,"column":6}},"13":{"start":{"line":67,"column":28},"end":{"line":67,"column":41}},"14":{"start":{"line":73,"column":4},"end":{"line":76,"column":7}},"15":{"start":{"line":79,"column":4},"end":{"line":79,"column":59}},"16":{"start":{"line":81,"column":4},"end":{"line":81,"column":29}},"17":{"start":{"line":85,"column":18},"end":{"line":89,"column":8}},"18":{"start":{"line":86,"column":4},"end":{"line":86,"column":74}},"19":{"start":{"line":88,"column":4},"end":{"line":88,"column":29}},"20":{"start":{"line":91,"column":21},"end":{"line":102,"column":3}},"21":{"start":{"line":93,"column":23},"end":{"line":93,"column":31}},"22":{"start":{"line":95,"column":6},"end":{"line":95,"column":73}},"23":{"start":{"line":96,"column":6},"end":{"line":99,"column":9}},"24":{"start":{"line":104,"column":2},"end":{"line":110,"column":4}},"25":{"start":{"line":114,"column":18},"end":{"line":114,"column":41}},"26":{"start":{"line":116,"column":2},"end":{"line":118,"column":3}},"27":{"start":{"line":117,"column":4},"end":{"line":117,"column":67}},"28":{"start":{"line":119,"column":2},"end":{"line":119,"column":17}}},"fnMap":{"0":{"name":"(anonymous_0)","decl":{"start":{"line":38,"column":31},"end":{"line":38,"column":32}},"loc":{"start":{"line":38,"column":49},"end":{"line":111,"column":1}},"line":38},"1":{"name":"(anonymous_1)","decl":{"start":{"line":43,"column":12},"end":{"line":43,"column":13}},"loc":{"start":{"line":43,"column":18},"end":{"line":59,"column":3}},"line":43},"2":{"name":"loadStorageData","decl":{"start":{"line":44,"column":19},"end":{"line":44,"column":34}},"loc":{"start":{"line":44,"column":52},"end":{"line":56,"column":5}},"line":44},"3":{"name":"(anonymous_3)","decl":{"start":{"line":61,"column":29},"end":{"line":61,"column":30}},"loc":{"start":{"line":61,"column":60},"end":{"line":82,"column":3}},"line":61},"4":{"name":"(anonymous_4)","decl":{"start":{"line":85,"column":30},"end":{"line":85,"column":31}},"loc":{"start":{"line":85,"column":42},"end":{"line":89,"column":3}},"line":85},"5":{"name":"(anonymous_5)","decl":{"start":{"line":92,"column":4},"end":{"line":92,"column":5}},"loc":{"start":{"line":92,"column":30},"end":{"line":100,"column":5}},"line":92},"6":{"name":"useAuth","decl":{"start":{"line":113,"column":9},"end":{"line":113,"column":16}},"loc":{"start":{"line":113,"column":36},"end":{"line":120,"column":1}},"line":113}},"branchMap":{"0":{"loc":{"start":{"line":49,"column":6},"end":{"line":54,"column":7}},"type":"if","locations":[{"start":{"line":49,"column":6},"end":{"line":54,"column":7}},{"start":{"line":49,"column":6},"end":{"line":54,"column":7}}],"line":49},"1":{"loc":{"start":{"line":49,"column":10},"end":{"line":49,"column":29}},"type":"binary-expr","locations":[{"start":{"line":49,"column":10},"end":{"line":49,"column":18}},{"start":{"line":49,"column":22},"end":{"line":49,"column":29}}],"line":49},"2":{"loc":{"start":{"line":116,"column":2},"end":{"line":118,"column":3}},"type":"if","locations":[{"start":{"line":116,"column":2},"end":{"line":118,"column":3}},{"start":{"line":116,"column":2},"end":{"line":118,"column":3}}],"line":116}},"s":{"0":1,"1":1,"2":2,"3":2,"4":2,"5":1,"6":1,"7":0,"8":0,"9":1,"10":1,"11":2,"12":0,"13":0,"14":0,"15":0,"16":0,"17":2,"18":0,"19":0,"20":2,"21":0,"22":0,"23":0,"24":2,"25":0,"26":0,"27":0,"28":0},"f":{"0":2,"1":1,"2":1,"3":0,"4":0,"5":0,"6":0},"b":{"0":[0,1],"1":[1,0],"2":[0,0]},"_coverageSchema":"43e27e138ebf9cfc5966b082cf9a028302ed4184","hash":"8b7376c3b8adff11cc2085c38db4b0fe8d0ef384"}
,"/home/henriquer/Repositorios/Rocketseat-GoStack/module_03/07-appgobarber/src/hooks/index.tsx": {"path":"/home/henriquer/Repositorios/Rocketseat-GoStack/module_03/07-appgobarber/src/hooks/index.tsx","statementMap":{"0":{"start":{"line":5,"column":30},"end":{"line":7,"column":1}},"1":{"start":{"line":6,"column":2},"end":{"line":6,"column":41}}},"fnMap":{"0":{"name":"(anonymous_0)","decl":{"start":{"line":5,"column":30},"end":{"line":5,"column":31}},"loc":{"start":{"line":6,"column":2},"end":{"line":6,"column":41}},"line":6}},"branchMap":{},"s":{"0":1,"1":1},"f":{"0":1},"b":{},"_coverageSchema":"43e27e138ebf9cfc5966b082cf9a028302ed4184","hash":"b6e312b199f8f2f817ebec200b9677318ad4a7db"}
,"/home/henriquer/Repositorios/Rocketseat-GoStack/module_03/07-appgobarber/src/services/api.ts": {"path":"/home/henriquer/Repositorios/Rocketseat-GoStack/module_03/07-appgobarber/src/services/api.ts","statementMap":{"0":{"start":{"line":3,"column":12},"end":{"line":5,"column":2}}},"fnMap":{},"branchMap":{},"s":{"0":1},"f":{},"b":{},"_coverageSchema":"43e27e138ebf9cfc5966b082cf9a028302ed4184","hash":"25222205e8917936966c26d40d447af710f36bdf"}
}
