TN:
SF:/home/henriquer/Repositorios/Rocketseat-GoStack/module_03/07-appgobarber/src/hooks/auth.tsx
FN:38,(anonymous_0)
FN:43,(anonymous_1)
FN:44,loadStorageData
FN:61,(anonymous_3)
FN:85,(anonymous_4)
FN:92,(anonymous_5)
FN:113,useAuth
FNF:7
FNH:3
FNDA:2,(anonymous_0)
FNDA:1,(anonymous_1)
FNDA:1,loadStorageData
FNDA:0,(anonymous_3)
FNDA:0,(anonymous_4)
FNDA:0,(anonymous_5)
FNDA:0,useAuth
DA:36,1
DA:38,1
DA:39,2
DA:41,2
DA:43,2
DA:45,1
DA:49,1
DA:51,0
DA:53,0
DA:55,1
DA:58,1
DA:61,2
DA:62,0
DA:67,0
DA:73,0
DA:79,0
DA:81,0
DA:85,2
DA:86,0
DA:88,0
DA:91,2
DA:93,0
DA:95,0
DA:96,0
DA:104,2
DA:114,0
DA:116,0
DA:117,0
DA:119,0
LF:29
LH:13
BRDA:49,0,0,0
BRDA:49,0,1,1
BRDA:49,1,0,1
BRDA:49,1,1,0
BRDA:116,2,0,0
BRDA:116,2,1,0
BRF:6
BRH:2
end_of_record
TN:
SF:/home/henriquer/Repositorios/Rocketseat-GoStack/module_03/07-appgobarber/src/hooks/index.tsx
FN:5,(anonymous_0)
FNF:1
FNH:1
FNDA:1,(anonymous_0)
DA:5,1
DA:6,1
LF:2
LH:2
BRF:0
BRH:0
end_of_record
TN:
SF:/home/henriquer/Repositorios/Rocketseat-GoStack/module_03/07-appgobarber/src/services/api.ts
FNF:0
FNH:0
DA:3,1
LF:1
LH:1
BRF:0
BRH:0
end_of_record
